 ************************************************************************
 **                                                                    **
 **                                                                    **
 **                     Altair OptiStruct(TM) 2022                     **
 **                                                                    **
 **             Advanced Engineering Analysis, Design and              **
 **        Optimization Software from Altair Engineering, Inc.         **
 **                                                                    **
 **   OptiStruct includes an enhanced proprietary version of NASTRAN   **
 **                                                                    **
 **                                                                    **
 **             Windows 10  (Build 9200)  DESKTOP-DO1LNEH              **
 **          12 CPU:  AMD Ryzen 5 5600G with Radeon Graphics           **
 **                    6627 MB RAM,  16533 MB swap                     **
 **                                                                    **
 ** Build: 1110680uwn33220_Ce64RB68UH14M:201153-000  46004004000000004 **
 ************************************************************************
 **  COPYRIGHT (C) 1996-2022                 Altair Engineering, Inc.  **
 ** All Rights Reserved.  Copyright notice does not imply publication. **
 **         Contains trade secrets of Altair Engineering, Inc.         **
 ** Decompilation or disassembly of this software strictly prohibited. **
 ************************************************************************
 
  
 *** OptiStruct defaults set from:
   install config file: D:/Program Files/Altair/2022/hwsolvers/optistruct.cfg.
  
  
 NOTE # 9199
 MSGLMT=STRICT is active, all messages will be printed.
 You can suppress some less important warning messages by use of
  MSGLMT=BRIEF or UNREF (in config file or in the input data).
  
 1 PARAM(s) were set:
    AUTOSPC,NO
  
 NOTE # 1929
 Created RAM scratch area: total size 200 MB.
  
 *** WARNING # 1265
 PSHELL 2 has bending properties defined
 and thickness T = 0.001, which is less than or equal to 0.001.
 This can lead to matrix singularities, causing message 153.
 If this property is intended to define a membrane, please leave
 MID2 and MID3 blank on the PSHELL data, or use PARAM,SHL2MEM.
  
  
 

************************************************************************

OPTIMIZATION FILE AND PARAMETER INFORMATION :
---------------------------------------------

  FEM model file               : D:/xrs/bs/flex_body.fem
  Output files prefix          : D:/xrs/bs/flex_body
  Model read from files:
 (*1)	    D:/xrs/bs/flex_body.fem

************************************************************************

 

************************************************************************

FINITE ELEMENT MODEL DATA INFORMATION :
---------------------------------------

  Total # of Grids (Structural)        :      1155
  Total # of Elements                  :       977
  Total # of Rigid Elements            :        19
  Total # of Rigid Element Constraints :       456
  Total # of Degrees of Freedom        :      6930
  (Structural)
  Total # of Non-zero Stiffness Terms  :    166491

 
  Element Type Information
  ------------------------

   CBEAM    Elements   :       31
   CONM2    Elements   :       10     
   CQUAD4   Elements   :      936     

  Load and Boundary Information
  -----------------------------


  Material and Property Information
  ---------------------------------

   PBEAM  Cards      :         1
   PSHELL Cards      :         1
   MAT1   Cards      :         2

************************************************************************

 

************************************************************************

OPTIMIZATION PROBLEM PARAMETERS :
---------------------------------

 NO DESIGN MATERIAL OR DESIGN VARIABLES FOUND  : ANALYSIS ONLY

   ---------------------------
   Frequency Subcase Summary :
   ---------------------------

   ----------   --------  ---------------------  --------
   Subcase ID    SPC ID   Preloading Subcase ID   MODE # 
   ----------   --------  ---------------------  --------
          1         None                               20
   ----------   --------  ---------------------  --------

   Run Type                        :   Analysis Only (No design elements)
   Run at location                 : D:/xrs/bs/
   Scratch file directory          : D:/xrs/bs/
                                     Free space:  1214.285 GB
   Number of CPU processors        :          1


************************************************************************

 

************************************************************************

MEMORY ESTIMATION INFORMATION :
-------------------------------

 Solver Type is:  Sparse-Matrix Solver
                  Direct Method
                  Block Lanczos Eigenvalue Extraction
 
 Static Memory (RAM) Allocated in Preprocessor           :     800 MB
   In addition a ramdisk area was allocated in memory    :     200 MB
 MUMPS Solver will Run In-Core with Estimated Memory     :      13 MB
 Estimated Total Memory (RAM)                            :    1013 MB
 
 Estimated Memory (RAM) for Out-of-Core Solution         :      22 MB
 Estimated Memory (RAM) for In-Core Solution             :      30 MB
 
DISK SPACE ESTIMATION INFORMATION :
-----------------------------------

 Estimated Disk Space for Output Data Files              :       3 MB
 Estimated Scratch Disk Space for In-Core Solution       :      56 MB
 Estimated Scratch Disk Space for Out of Core Solution   :      60 MB

************************************************************************


BEGINNING ANALYSIS SOLUTION ....


************************************************************************

ANALYSIS RESULTS :
------------------

  
ITERATION   0
  
 *** INFORMATION # 3454
 MPC, RBE# (and other rigids) and JOINTG constraints for
 subcase 1 will be enforced with elimination of dependent dofs.
  
 (Scratch disk space usage for starting iteration = 10 MB)
(Running in-core solution)

Volume                              =  4.19190E-01   Mass     =  4.29483E+03

                                                  Generalized   Generalized
 Subcase  Mode    Frequency      Eigenvalue        Stiffness        Mass   
       1      1   5.914273E-05  -1.380901E-07    -1.380901E-07   1.000000E+00
       1      2   3.438205E-06  -4.666845E-10    -4.666845E-10   1.000000E+00
       1      3   4.792998E-05   9.069311E-08     9.069311E-08   1.000000E+00
       1      4   6.250603E-05   1.542423E-07     1.542423E-07   1.000000E+00
       1      5   1.218737E-04   5.863808E-07     5.863808E-07   1.000000E+00
       1      6   1.382793E-04   7.548732E-07     7.548732E-07   1.000000E+00
       1      7   8.194141E+00   2.650737E+03     2.650737E+03   1.000000E+00
       1      8   8.196441E+00   2.652225E+03     2.652225E+03   1.000000E+00
       1      9   8.211031E+00   2.661676E+03     2.661676E+03   1.000000E+00
       1     10   8.399689E+00   2.785391E+03     2.785391E+03   1.000000E+00
       1     11   2.383612E+01   2.243008E+04     2.243008E+04   1.000000E+00
       1     12   2.383631E+01   2.243044E+04     2.243044E+04   1.000000E+00
       1     13   2.383768E+01   2.243301E+04     2.243301E+04   1.000000E+00
       1     14   2.402106E+01   2.277949E+04     2.277949E+04   1.000000E+00
       1     15   2.402299E+01   2.278315E+04     2.278315E+04   1.000000E+00
       1     16   2.402299E+01   2.278316E+04     2.278316E+04   1.000000E+00
       1     17   2.404186E+01   2.281896E+04     2.281896E+04   1.000000E+00
       1     18   2.447574E+01   2.365002E+04     2.365002E+04   1.000000E+00
       1     19   4.346372E+01   7.457847E+04     7.457847E+04   1.000000E+00
       1     20   4.346773E+01   7.459223E+04     7.459223E+04   1.000000E+00


************************************************************************
  
 ANALYSIS COMPLETED.
  

************************************************************************

RESOURCE USAGE INFORMATION
--------------------------

 MAXIMUM MEMORY USED                                       809 MB
   INCLUDING MEMORY FOR MUMPS                                9 MB
   IN ADDITION      5 MB MEMORY WAS ALLOCATED FOR TEMPORARY USE
   IN ADDITION    200 MB RAMDISK AREA WAS ALLOCATED IN MEMORY
 MAXIMUM DISK SPACE USED                                     1 MB
   INCLUDING DISK SPACE FOR MUMPS                            0 MB

************************************************************************


************************************************************************

COMPUTE TIME INFORMATION
------------------------

 EXECUTION STARTED                         Thu Dec 12 23:47:48 2024    
 EXECUTION COMPLETED                       Thu Dec 12 23:47:50 2024    
 ELAPSED TIME                                         00:00:01
 CPU TIME                                             00:00:02

************************************************************************

  
                        ***** END OF REPORT *****
  
 For OptiStruct Community Forum, go to the URL:
 http://www.altair.com/optistruct-community
 For Altair Community Knowledge Base, go to the URL:
 http://www.altair.com/knowledge
